<?xml version="1.0" encoding="UTF-8"?>
<testsuite xmlns:xsi="http://www.w3.org/2001/XMLSchema-instance" xsi:noNamespaceSchemaLocation="https://maven.apache.org/surefire/maven-surefire-plugin/xsd/surefire-test-report-3.0.xsd" version="3.0" name="com.Club.app.Club1ApplicationTests" time="3.597" tests="1" errors="0" skipped="0" failures="0">
  <properties>
[...]
</properties>
  <testcase name="contextLoads" classname="com.Club.app.Club1ApplicationTests" time="0.865">
    <system-out><![CDATA[16:29:27.273 [main] INFO org.springframework.test.context.support.AnnotationConfigContextLoaderUtils -- Could not detect default configuration classes for test class [com.Club.app.Club1ApplicationTests]: Club1ApplicationTests does not declare any static, non-private, non-final, nested classes annotated with @Configuration.
16:29:27.354 [main] INFO org.springframework.boot.test.context.SpringBootTestContextBootstrapper -- Found @SpringBootConfiguration com.Club.app.Club1Application for test class com.Club.app.Club1ApplicationTests
16:29:27.492 [main] INFO org.springframework.boot.devtools.restart.RestartApplicationListener -- Restart disabled due to context in which it is running

  .   ____          _            __ _ _
 /\\ / ___'_ __ _ _(_)_ __  __ _ \ \ \ \
( ( )\___ | '_ | '_| | '_ \/ _` | \ \ \ \
 \\/  ___)| |_)| | | | | || (_| |  ) ) ) )
  '  |____| .__|_| |_|_| |_\__, | / / / /
 =========|_|==============|___/=/_/_/_/
 :: Spring Boot ::                (v3.2.4)

2024-10-20T16:29:27.704-05:00  INFO 33260 --- [ClubCrudMongo] [           main] com.Club.app.Club1ApplicationTests       : Starting Club1ApplicationTests using Java 21.0.4 with PID 33260 (started by ADMIN in D:\Spring\Crud Clubes Nelson Sierra\Club-1)
2024-10-20T16:29:27.705-05:00  INFO 33260 --- [ClubCrudMongo] [           main] com.Club.app.Club1ApplicationTests       : No active profile set, falling back to 1 default profile: "default"
2024-10-20T16:29:28.224-05:00  INFO 33260 --- [ClubCrudMongo] [           main] .s.d.r.c.RepositoryConfigurationDelegate : Bootstrapping Spring Data MongoDB repositories in DEFAULT mode.
2024-10-20T16:29:28.275-05:00  INFO 33260 --- [ClubCrudMongo] [           main] .s.d.r.c.RepositoryConfigurationDelegate : Finished Spring Data repository scanning in 48 ms. Found 5 MongoDB repository interfaces.
2024-10-20T16:29:28.694-05:00  INFO 33260 --- [ClubCrudMongo] [           main] org.mongodb.driver.client                : MongoClient with metadata {"driver": {"name": "mongo-java-driver|sync|spring-boot", "version": "4.11.1"}, "os": {"type": "Windows", "name": "Windows 10", "architecture": "amd64", "version": "10.0"}, "platform": "Java/Eclipse Adoptium/21.0.4+7-LTS"} created with settings MongoClientSettings{readPreference=primary, writeConcern=WriteConcern{w=null, wTimeout=null ms, journal=null}, retryWrites=true, retryReads=true, readConcern=ReadConcern{level=null}, credential=MongoCredential{mechanism=null, userName='Jacd', source='admin', password=<hidden>, mechanismProperties=<hidden>}, transportSettings=null, streamFactoryFactory=null, commandListeners=[], codecRegistry=ProvidersCodecRegistry{codecProviders=[ValueCodecProvider{}, BsonValueCodecProvider{}, DBRefCodecProvider{}, DBObjectCodecProvider{}, DocumentCodecProvider{}, CollectionCodecProvider{}, IterableCodecProvider{}, MapCodecProvider{}, GeoJsonCodecProvider{}, GridFSFileCodecProvider{}, Jsr310CodecProvider{}, JsonObjectCodecProvider{}, BsonCodecProvider{}, EnumCodecProvider{}, com.mongodb.client.model.mql.ExpressionCodecProvider@4262fdeb, com.mongodb.Jep395RecordCodecProvider@5f0a2638, com.mongodb.KotlinCodecProvider@5382184b]}, loggerSettings=LoggerSettings{maxDocumentLength=1000}, clusterSettings={hosts=[127.0.0.1:27017], srvHost=josemongo.wbkew.mongodb.net, srvServiceName=mongodb, mode=MULTIPLE, requiredClusterType=REPLICA_SET, requiredReplicaSetName='atlas-du0owb-shard-0', serverSelector='null', clusterListeners='[]', serverSelectionTimeout='30000 ms', localThreshold='15 ms'}, socketSettings=SocketSettings{connectTimeoutMS=10000, readTimeoutMS=0, receiveBufferSize=0, proxySettings=ProxySettings{host=null, port=null, username=null, password=null}}, heartbeatSocketSettings=SocketSettings{connectTimeoutMS=10000, readTimeoutMS=10000, receiveBufferSize=0, proxySettings=ProxySettings{host=null, port=null, username=null, password=null}}, connectionPoolSettings=ConnectionPoolSettings{maxSize=100, minSize=0, maxWaitTimeMS=120000, maxConnectionLifeTimeMS=0, maxConnectionIdleTimeMS=0, maintenanceInitialDelayMS=0, maintenanceFrequencyMS=60000, connectionPoolListeners=[], maxConnecting=2}, serverSettings=ServerSettings{heartbeatFrequencyMS=10000, minHeartbeatFrequencyMS=500, serverListeners='[]', serverMonitorListeners='[]'}, sslSettings=SslSettings{enabled=true, invalidHostNameAllowed=false, context=null}, applicationName='null', compressorList=[], uuidRepresentation=JAVA_LEGACY, serverApi=null, autoEncryptionSettings=null, dnsClient=null, inetAddressResolver=null, contextProvider=null}
2024-10-20T16:29:28.712-05:00  INFO 33260 --- [ClubCrudMongo] [kew.mongodb.net] org.mongodb.driver.cluster               : Adding discovered server josemongo-shard-00-02.wbkew.mongodb.net:27017 to client view of cluster
2024-10-20T16:29:28.733-05:00  INFO 33260 --- [ClubCrudMongo] [kew.mongodb.net] org.mongodb.driver.cluster               : Adding discovered server josemongo-shard-00-00.wbkew.mongodb.net:27017 to client view of cluster
2024-10-20T16:29:28.735-05:00  INFO 33260 --- [ClubCrudMongo] [kew.mongodb.net] org.mongodb.driver.cluster               : Adding discovered server josemongo-shard-00-01.wbkew.mongodb.net:27017 to client view of cluster
2024-10-20T16:29:29.341-05:00  INFO 33260 --- [ClubCrudMongo] [           main] o.s.b.a.w.s.WelcomePageHandlerMapping    : Adding welcome page template: index
2024-10-20T16:29:29.771-05:00  INFO 33260 --- [ClubCrudMongo] [ngodb.net:27017] org.mongodb.driver.cluster               : Monitor thread successfully connected to server with description ServerDescription{address=josemongo-shard-00-02.wbkew.mongodb.net:27017, type=REPLICA_SET_PRIMARY, state=CONNECTED, ok=true, minWireVersion=0, maxWireVersion=21, maxDocumentSize=16777216, logicalSessionTimeoutMinutes=30, roundTripTimeNanos=648317500, setName='atlas-du0owb-shard-0', canonicalAddress=josemongo-shard-00-02.wbkew.mongodb.net:27017, hosts=[josemongo-shard-00-02.wbkew.mongodb.net:27017, josemongo-shard-00-00.wbkew.mongodb.net:27017, josemongo-shard-00-01.wbkew.mongodb.net:27017], passives=[], arbiters=[], primary='josemongo-shard-00-02.wbkew.mongodb.net:27017', tagSet=TagSet{[Tag{name='availabilityZone', value='southamerica-east1-c'}, Tag{name='diskState', value='READY'}, Tag{name='nodeType', value='ELECTABLE'}, Tag{name='provider', value='GCP'}, Tag{name='region', value='SOUTH_AMERICA_EAST_1'}, Tag{name='workloadType', value='OPERATIONAL'}]}, electionId=7fffffff00000000000000e6, setVersion=163, topologyVersion=TopologyVersion{processId=671155d549ef6e52cc1ced87, counter=6}, lastWriteDate=Sun Oct 20 16:29:28 COT 2024, lastUpdateTimeNanos=409853543425700}
2024-10-20T16:29:29.771-05:00  INFO 33260 --- [ClubCrudMongo] [ngodb.net:27017] org.mongodb.driver.cluster               : Monitor thread successfully connected to server with description ServerDescription{address=josemongo-shard-00-01.wbkew.mongodb.net:27017, type=REPLICA_SET_SECONDARY, state=CONNECTED, ok=true, minWireVersion=0, maxWireVersion=21, maxDocumentSize=16777216, logicalSessionTimeoutMinutes=30, roundTripTimeNanos=658626600, setName='atlas-du0owb-shard-0', canonicalAddress=josemongo-shard-00-01.wbkew.mongodb.net:27017, hosts=[josemongo-shard-00-02.wbkew.mongodb.net:27017, josemongo-shard-00-00.wbkew.mongodb.net:27017, josemongo-shard-00-01.wbkew.mongodb.net:27017], passives=[], arbiters=[], primary='josemongo-shard-00-02.wbkew.mongodb.net:27017', tagSet=TagSet{[Tag{name='availabilityZone', value='southamerica-east1-b'}, Tag{name='diskState', value='READY'}, Tag{name='nodeType', value='ELECTABLE'}, Tag{name='provider', value='GCP'}, Tag{name='region', value='SOUTH_AMERICA_EAST_1'}, Tag{name='workloadType', value='OPERATIONAL'}]}, electionId=null, setVersion=163, topologyVersion=TopologyVersion{processId=671157becba95a6fa79e53ce, counter=3}, lastWriteDate=Sun Oct 20 16:29:28 COT 2024, lastUpdateTimeNanos=409853543425700}
2024-10-20T16:29:29.771-05:00  INFO 33260 --- [ClubCrudMongo] [ngodb.net:27017] org.mongodb.driver.cluster               : Monitor thread successfully connected to server with description ServerDescription{address=josemongo-shard-00-00.wbkew.mongodb.net:27017, type=REPLICA_SET_SECONDARY, state=CONNECTED, ok=true, minWireVersion=0, maxWireVersion=21, maxDocumentSize=16777216, logicalSessionTimeoutMinutes=30, roundTripTimeNanos=656209900, setName='atlas-du0owb-shard-0', canonicalAddress=josemongo-shard-00-00.wbkew.mongodb.net:27017, hosts=[josemongo-shard-00-02.wbkew.mongodb.net:27017, josemongo-shard-00-00.wbkew.mongodb.net:27017, josemongo-shard-00-01.wbkew.mongodb.net:27017], passives=[], arbiters=[], primary='josemongo-shard-00-02.wbkew.mongodb.net:27017', tagSet=TagSet{[Tag{name='availabilityZone', value='southamerica-east1-a'}, Tag{name='diskState', value='READY'}, Tag{name='nodeType', value='ELECTABLE'}, Tag{name='provider', value='GCP'}, Tag{name='region', value='SOUTH_AMERICA_EAST_1'}, Tag{name='workloadType', value='OPERATIONAL'}]}, electionId=null, setVersion=163, topologyVersion=TopologyVersion{processId=671156bd4d0f534f3f1965d6, counter=4}, lastWriteDate=Sun Oct 20 16:29:28 COT 2024, lastUpdateTimeNanos=409853543648300}
2024-10-20T16:29:29.775-05:00  INFO 33260 --- [ClubCrudMongo] [ngodb.net:27017] org.mongodb.driver.cluster               : Discovered replica set primary josemongo-shard-00-02.wbkew.mongodb.net:27017 with max election id 7fffffff00000000000000e6 and max set version 163
2024-10-20T16:29:29.844-05:00  INFO 33260 --- [ClubCrudMongo] [           main] com.Club.app.Club1ApplicationTests       : Started Club1ApplicationTests in 2.362 seconds (process running for 3.229)
]]></system-out>
    <system-err><![CDATA[WARNING: A Java agent has been loaded dynamically (C:\Users\ADMIN\.m2\repository\net\bytebuddy\byte-buddy-agent\1.14.12\byte-buddy-agent-1.14.12.jar)
WARNING: If a serviceability tool is in use, please run with -XX:+EnableDynamicAgentLoading to hide this warning
WARNING: If a serviceability tool is not in use, please run with -Djdk.instrument.traceUsage for more information
WARNING: Dynamic loading of agents will be disallowed by default in a future release
]]></system-err>
  </testcase>
</testsuite>